\BOOKMARK [0][-]{chapter.1}{\376\377\000W\000s\000t\001\031\000p}{}% 1
\BOOKMARK [1][-]{section.1.1}{\376\377\000W\000p\000r\000o\000w\000a\000d\000z\000e\000n\000i\000e\000\040\000d\000o\000\040\000p\000r\000o\000b\000l\000e\000m\000a\000t\000y\000k\000i}{chapter.1}% 2
\BOOKMARK [0][-]{chapter.2}{\376\377\000P\000o\000d\000s\000t\000a\000w\000y\000\040\000t\000e\000o\000r\000e\000t\000y\000c\000z\000n\000e}{}% 3
\BOOKMARK [1][-]{section.2.1}{\376\377\000W\000p\000r\000o\000w\000a\000d\000z\000e\000n\000i\000e\000\040\000d\000o\000\040\000a\000n\000a\000l\000i\000z\000y\000\040\000t\000e\000c\000h\000n\000i\000c\000z\000n\000e\000j}{chapter.2}% 4
\BOOKMARK [1][-]{section.2.2}{\376\377\000W\000p\000r\000o\000w\000a\000d\000z\000e\000n\000i\000e\000\040\000d\000o\000\040\000k\000r\000y\000p\000t\000o\000w\000a\000l\000u\000t}{chapter.2}% 5
\BOOKMARK [1][-]{section.2.3}{\376\377\000W\000p\000r\000o\000w\000a\000d\000z\000e\000n\000i\000e\000\040\000d\000o\000\040\000u\000c\000z\000e\000n\000i\000a\000\040\000m\000a\000s\000z\000y\000n\000o\000w\000e\000g\000o}{chapter.2}% 6
\BOOKMARK [2][-]{subsection.2.3.1}{\376\377\000P\000o\000d\000s\000t\000a\000w\000o\000w\000e\000\040\000p\000o\000j\001\031\000c\000i\000a}{section.2.3}% 7
\BOOKMARK [2][-]{subsection.2.3.2}{\376\377\000K\000l\000u\000c\000z\000o\000w\000e\000\040\000r\000o\000d\000z\000a\000j\000e\000\040\000u\000c\000z\000e\000n\000i\000a\000\040\000m\000a\000s\000z\000y\000n\000o\000w\000e\000g\000o\000\040\000[\000i\000n\000f\000o\0001\0009\000]\000[\0001\0009\000]}{section.2.3}% 8
\BOOKMARK [2][-]{subsection.2.3.3}{\376\377\000Z\000a\000s\000t\000o\000s\000o\000w\000a\000n\000i\000a\000\040\000u\000c\000z\000e\000n\000i\000a\000\040\000m\000a\000s\000z\000y\000n\000o\000w\000e\000g\000o\000\040\000w\000\040\000r\000\363\001\174\000n\000y\000c\000h\000\040\000d\000z\000i\000e\000d\000z\000i\000n\000a\000c\000h\000\040\000[\000i\000n\000f\000o\0002\0000\000]\000[\0002\0000\000]\000\040}{section.2.3}% 9
\BOOKMARK [0][-]{chapter.3}{\376\377\000W\000y\000b\000r\000a\000n\000e\000\040\000w\000s\000k\000a\001\172\000n\000i\000k\000i\000\040\000a\000n\000a\000l\000i\000z\000y\000\040\000t\000e\000c\000h\000n\000i\000c\000z\000n\000e\000j}{}% 10
\BOOKMARK [1][-]{section.3.1}{\376\377\001\132\000r\000e\000d\000n\000i\000a\000\040\000r\000u\000c\000h\000o\000m\000a\000\040\000\050\000a\000n\000g\000.\000\040\000M\000o\000v\000i\000n\000g\000\040\000A\000v\000e\000r\000a\000g\000e\000\051}{chapter.3}% 11
\BOOKMARK [2][-]{subsection.3.1.1}{\376\377\000O\000p\000i\000s\000\040\000w\000s\000k\000a\001\172\000n\000i\000k\000a}{section.3.1}% 12
\BOOKMARK [2][-]{subsection.3.1.2}{\376\377\000Z\000a\000s\000t\000o\000s\000o\000w\000a\000n\000i\000e\000\040\000w\000s\000k\000a\001\172\000n\000i\000k\000a\000\040\000w\000\040\000a\000n\000a\000l\000i\000z\000i\000e\000\040\000t\000e\000c\000h\000n\000i\000c\000z\000n\000e\000j}{section.3.1}% 13
\BOOKMARK [1][-]{section.3.2}{\376\377\000W\000y\000k\000r\000e\000s\000y\000\040\001\133\000w\000i\000e\000c\000o\000w\000e\000\040\000\050\000a\000n\000g\000.\000\040\000C\000a\000n\000d\000l\000e\000s\000t\000i\000c\000k\000\040\000C\000h\000a\000r\000t\000s\000\051}{chapter.3}% 14
\BOOKMARK [2][-]{subsection.3.2.1}{\376\377\000C\000h\000a\000r\000a\000k\000t\000e\000r\000y\000s\000t\000y\000k\000a\000\040\000w\000z\000o\000r\000\363\000w\000\040\001\133\000w\000i\000e\000c\000o\000w\000y\000c\000h}{section.3.2}% 15
\BOOKMARK [2][-]{subsection.3.2.2}{\376\377\000P\000r\000z\000y\000k\001\102\000a\000d\000o\000w\000e\000\040\000f\000o\000r\000m\000a\000c\000j\000e\000\040\000i\000\040\000i\000c\000h\000\040\000i\000n\000t\000e\000r\000p\000r\000e\000t\000a\000c\000j\000e}{section.3.2}% 16
\BOOKMARK [1][-]{section.3.3}{\376\377\000Z\000n\000i\000e\000s\000i\000e\000n\000i\000a\000\040\000F\000i\000b\000o\000n\000a\000c\000c\000i\000e\000g\000o\000\040\000\050\000F\000i\000b\000o\000n\000a\000c\000c\000i\000\040\000R\000e\000t\000r\000a\000c\000e\000m\000e\000n\000t\000s\000\051}{chapter.3}% 17
\BOOKMARK [2][-]{subsection.3.3.1}{\376\377\000T\000e\000o\000r\000i\000a\000\040\000c\000i\001\005\000g\000\363\000w\000\040\000F\000i\000b\000o\000n\000a\000c\000c\000i\000e\000g\000o}{section.3.3}% 18
\BOOKMARK [2][-]{subsection.3.3.2}{\376\377\000Z\000a\000s\000t\000o\000s\000o\000w\000a\000n\000i\000e\000\040\000z\000n\000i\000e\000s\000i\000e\001\104\000\040\000F\000i\000b\000o\000n\000a\000c\000c\000i\000e\000g\000o}{section.3.3}% 19
\BOOKMARK [1][-]{section.3.4}{\376\377\000O\000s\000c\000y\000l\000a\000t\000o\000r\000\040\000s\000t\000o\000c\000h\000a\000s\000t\000y\000c\000z\000n\000y\000\040\000\050\000a\000n\000g\000.\000\040\000S\000t\000o\000c\000h\000a\000s\000t\000i\000c\000\040\000O\000s\000c\000i\000l\000l\000a\000t\000o\000r\000\051}{chapter.3}% 20
\BOOKMARK [2][-]{subsection.3.4.1}{\376\377\000O\000p\000i\000s\000\040\000o\000s\000c\000y\000l\000a\000t\000o\000r\000a}{section.3.4}% 21
\BOOKMARK [2][-]{subsection.3.4.2}{\376\377\000S\000y\000g\000n\000a\001\102\000y\000\040\000g\000e\000n\000e\000r\000o\000w\000a\000n\000e\000\040\000p\000r\000z\000e\000z\000\040\000o\000s\000c\000y\000l\000a\000t\000o\000r\000:}{section.3.4}% 22
\BOOKMARK [0][-]{chapter.4}{\376\377\000M\000e\000t\000o\000d\000y\000\040\000u\000c\000z\000e\000n\000i\000a\000\040\000m\000a\000s\000z\000y\000n\000o\000w\000e\000g\000o\000\040\000w\000\040\000p\000r\000o\000g\000n\000o\000z\000o\000w\000a\000n\000i\000u\000\040\000k\000u\000r\000s\000\363\000w\000\040\000k\000r\000y\000p\000t\000o\000w\000a\000l\000u\000t}{}% 23
\BOOKMARK [0][-]{chapter.5}{\376\377\000E\000k\000s\000p\000e\000r\000y\000m\000e\000n\000t\000y\000\040\000i\000\040\000w\000y\000n\000i\000k\000i}{}% 24
\BOOKMARK [0][-]{chapter.6}{\376\377\000D\000y\000s\000k\000u\000s\000j\000a}{}% 25
\BOOKMARK [0][-]{chapter.7}{\376\377\000P\000o\000d\000s\000u\000m\000o\000w\000a\000n\000i\000e\000\040\000i\000\040\000w\000n\000i\000o\000s\000k\000i}{}% 26
\BOOKMARK [0][-]{appendix.A}{\376\377\000Z\000a\001\102\001\005\000c\000z\000n\000i\000k\000i}{}% 27
\BOOKMARK [0][-]{appendix.B}{\376\377\000D\000O\000D\000A\000T\000K\000I}{}% 28
\BOOKMARK [0][-]{appendix.B}{\376\377\000D\000O\000D\000A\000T\000K\000I}{}% 29
